#
# A fatal error has been detected by the Java Runtime Environment:
#
#  Internal Error (classFileParser.cpp:3174), pid=7816, tid=10080
#  Error: ShouldNotReachHere()
#
# JRE version: 6.0_20-b02
# Java VM: Java HotSpot(TM) Client VM (16.3-b01 mixed mode windows-x86 )
# If you would like to submit a bug report, please visit:
#   http://java.sun.com/webapps/bugreport/crash.jsp
#

---------------  T H R E A D  ---------------

Current thread (0x012e9800):  JavaThread "Unknown thread" [_thread_in_vm, id=10080, stack(0x00320000,0x00370000)]

Stack: [0x00320000,0x00370000],  sp=0x0036f880,  free space=13e0036f890k
Native frames: (J=compiled Java code, j=interpreted, Vv=VM code, C=native code)
V  [jvm.dll+0x1f4180]
V  [jvm.dll+0xa1e29]
V  [jvm.dll+0x74a41]
V  [jvm.dll+0x760e4]
V  [jvm.dll+0x1c26a5]
V  [jvm.dll+0x1c2ddd]
V  [jvm.dll+0x1c3195]
V  [jvm.dll+0x1c31db]
V  [jvm.dll+0x1c3302]
V  [jvm.dll+0x1c337a]
V  [jvm.dll+0x1c382d]
V  [jvm.dll+0x1c3c32]
V  [jvm.dll+0x1e40b3]
V  [jvm.dll+0x1e448c]
V  [jvm.dll+0xd89c1]
V  [jvm.dll+0x1ddcd8]
V  [jvm.dll+0x102e10]
C  [javaw.exe+0x1657]
C  [javaw.exe+0x1e2c]
C  [javaw.exe+0x8614]
C  [kernel32.dll+0x51114]
C  [ntdll.dll+0x5b299]
C  [ntdll.dll+0x5b26c]


---------------  P R O C E S S  ---------------

Java Threads: ( => current thread )

Other Threads:

=>0x012e9800 (exited) JavaThread "Unknown thread" [_thread_in_vm, id=10080, stack(0x00320000,0x00370000)]

VM state:not at safepoint (not fully initialized)

VM Mutex/Monitor currently owned by a thread: None

Dynamic libraries:
0x00400000 - 0x00424000 	D:\Program Files\Java\jre6\bin\javaw.exe
0x77ad0000 - 0x77c0c000 	C:\Windows\SYSTEM32\ntdll.dll
0x764e0000 - 0x765b4000 	C:\Windows\system32\kernel32.dll
0x75a20000 - 0x75a6a000 	C:\Windows\system32\KERNELBASE.dll
0x769f0000 - 0x76a90000 	C:\Windows\system32\ADVAPI32.dll
0x75fb0000 - 0x7605c000 	C:\Windows\system32\msvcrt.dll
0x76070000 - 0x76089000 	C:\Windows\SYSTEM32\sechost.dll
0x77a20000 - 0x77ac1000 	C:\Windows\system32\RPCRT4.dll
0x765c0000 - 0x76689000 	C:\Windows\system32\USER32.dll
0x769a0000 - 0x769ee000 	C:\Windows\system32\GDI32.dll
0x76060000 - 0x7606a000 	C:\Windows\system32\LPK.dll
0x76350000 - 0x763ed000 	C:\Windows\system32\USP10.dll
0x77c50000 - 0x77c6f000 	C:\Windows\system32\IMM32.DLL
0x76410000 - 0x764dc000 	C:\Windows\system32\MSCTF.dll
0x7c340000 - 0x7c396000 	D:\Program Files\Java\jre6\bin\msvcr71.dll
0x6d800000 - 0x6da97000 	D:\Program Files\Java\jre6\bin\client\jvm.dll
0x759c0000 - 0x759f2000 	C:\Windows\system32\WINMM.dll
0x75840000 - 0x7588b000 	C:\Windows\system32\apphelp.dll
0x6d7b0000 - 0x6d7bc000 	D:\Program Files\Java\jre6\bin\verify.dll
0x6d330000 - 0x6d34f000 	D:\Program Files\Java\jre6\bin\java.dll
0x6d290000 - 0x6d298000 	D:\Program Files\Java\jre6\bin\hpi.dll
0x763f0000 - 0x763f5000 	C:\Windows\system32\PSAPI.DLL
0x6d7f0000 - 0x6d7ff000 	D:\Program Files\Java\jre6\bin\zip.dll

VM Arguments:
jvm_args: -Dfile.encoding=GBK -Xbootclasspath:F:\adt-bundle-windows-x86\sdk\platforms\android-17\android.jar 
java_command: com.example.tes1.OddsCalc
Launcher Type: SUN_STANDARD

Environment Variables:
JAVA_HOME=D:\Program Files\Java\jdk1.6.0_20
PATH=D:/Program Files/Java/jre6/bin/client;D:/Program Files/Java/jre6/bin;D:/Program Files/Java/jre6/lib/i386;C:\Program Files\Common Files\Microsoft Shared\Windows Live;D:\oracle\product\11.2.0\dbhome_1\bin;C:\Windows\system32;C:\Windows;C:\Windows\System32\Wbem;C:\Windows\System32\WindowsPowerShell\v1.0\;C:\Program Files\Common Files\Thunder Network\KanKan\Codecs;C:\Program Files\Intel\DMIX;D:\apache-maven-2.0.11\bin;C:\Program Files\ThinkPad\Bluetooth Software\;C:\Program Files\Broadcom\WHL\;D:\Program Files\TortoiseSVN\bin;C:\Program Files\Windows Live\Shared;d:\Program Files\StormII\Codec;d:\Program Files\StormII;E:\software\UltraEdit\;F:\adt-bundle-windows-x86\eclipse;
USERNAME=ben
OS=Windows_NT
PROCESSOR_IDENTIFIER=x86 Family 6 Model 37 Stepping 2, GenuineIntel



---------------  S Y S T E M  ---------------

OS: Windows 7 Build 7600 

CPU:total 4 (8 cores per cpu, 2 threads per core) family 6 model 37 stepping 2, cmov, cx8, fxsr, mmx, sse, sse2, sse3, ssse3, sse4.1, sse4.2, popcnt, ht

Memory: 4k page, physical 3067584k(532880k free), swap 6739612k(1600456k free)

vm_info: Java HotSpot(TM) Client VM (16.3-b01) for windows-x86 JRE (1.6.0_20-b02), built on Apr 12 2010 13:52:23 by "java_re" with MS VC++ 7.1 (VS2003)

time: Wed Jan 09 00:03:51 2013
elapsed time: 0 seconds

